#
# There is insufficient memory for the Java Runtime Environment to continue.
# Native memory allocation (mmap) failed to map 268435456 bytes for Failed to commit area from 0x0000000700800000 to 0x0000000710800000 of length 268435456.
# Possible reasons:
#   The system is out of physical RAM or swap space
#   The process is running with CompressedOops enabled, and the Java Heap may be blocking the growth of the native heap
# Possible solutions:
#   Reduce memory load on the system
#   Increase physical memory or swap space
#   Check if swap backing store is full
#   Decrease Java heap size (-Xmx/-Xms)
#   Decrease number of Java threads
#   Decrease Java thread stack sizes (-Xss)
#   Set larger code cache with -XX:ReservedCodeCacheSize=
# This output file may be truncated or incomplete.
#
#  Out of Memory Error (./src/hotspot/os/windows/os_windows.cpp:3301), pid=18736, tid=4848
#
# JRE version:  (11.0.10) (build )
# Java VM: OpenJDK 64-Bit Server VM (11.0.10+0-b96-7249189, mixed mode, sharing, tiered, compressed oops, g1 gc, windows-amd64)
# No core dump will be written. Minidumps are not enabled by default on client versions of Windows
#

---------------  S U M M A R Y ------------

Command Line: org.jetbrains.git4idea.http.GitAskPassApp Username for 'https://github.com': 

Host: Intel(R) Core(TM) i5-7500 CPU @ 3.40GHz, 4 cores, 15G,  Windows 10 , 64 bit Build 19041 (10.0.19041.1202)
Time: Fri Oct 29 22:12:03 2021 대한민국 표준시 elapsed time: 0.010331 seconds (0d 0h 0m 0s)

---------------  T H R E A D  ---------------

Current thread (0x000001697c92a000):  JavaThread "Unknown thread" [_thread_in_vm, id=4848, stack(0x0000004839600000,0x0000004839700000)]

Stack: [0x0000004839600000,0x0000004839700000]
Native frames: (J=compiled Java code, j=interpreted, Vv=VM code, C=native code)
V  [jvm.dll+0x5ecfaa]
V  [jvm.dll+0x722bd5]
V  [jvm.dll+0x72412d]
V  [jvm.dll+0x7247e3]
V  [jvm.dll+0x242928]
V  [jvm.dll+0x5ea374]
V  [jvm.dll+0x5df425]
V  [jvm.dll+0x2fdebb]
V  [jvm.dll+0x2fde2a]
V  [jvm.dll+0x2fdd02]
V  [jvm.dll+0x302bf6]
V  [jvm.dll+0x34b2a3]
V  [jvm.dll+0x34b9a6]
V  [jvm.dll+0x34b3a3]
V  [jvm.dll+0x2d8888]
V  [jvm.dll+0x2d9a37]
V  [jvm.dll+0x701737]
V  [jvm.dll+0x702f2c]
V  [jvm.dll+0x3587d9]
V  [jvm.dll+0x6e4fae]
V  [jvm.dll+0x3c0be3]
V  [jvm.dll+0x3c2e91]
C  [jli.dll+0x5373]
C  [ucrtbase.dll+0x21bb2]
C  [KERNEL32.DLL+0x17034]
C  [ntdll.dll+0x52651]


---------------  P R O C E S S  ---------------

Threads class SMR info:
_java_thread_list=0x000001697aeffec0, length=0, elements={
}

Java Threads: ( => current thread )

Other Threads:
  0x000001697c942000 GCTaskThread "GC Thread#0" [stack: 0x0000004839700000,0x0000004839800000] [id=2464]
  0x000001697c99f800 ConcurrentGCThread "G1 Main Marker" [stack: 0x0000004839800000,0x0000004839900000] [id=2892]
  0x000001697c9a1000 ConcurrentGCThread "G1 Conc#0" [stack: 0x0000004839900000,0x0000004839a00000] [id=19504]

[error occurred during error reporting (printing all threads), id 0xc0000005, EXCEPTION_ACCESS_VIOLATION (0xc0000005) at pc=0x00007ff978519107]

VM state:not at safepoint (not fully initialized)

VM Mutex/Monitor currently owned by a thread:  ([mutex/lock_event])
[0x000001697c926520] Heap_lock - owner thread: 0x000001697c92a000

Heap address: 0x0000000700800000, size: 4088 MB, Compressed Oops mode: Non-zero based: 0x0000000700800000
Narrow klass base: 0x0000000000000000, Narrow klass shift: 0

GC Heap History (0 events):
No events

Deoptimization events (0 events):
No events

Classes redefined (0 events):
No events

Internal exceptions (0 events):
No events

Events (1 events):
Event: 0.006 Loaded shared library C:\Program Files\Android\Android Studio\jre\bin\zip.dll


Dynamic libraries:
0x00007ff76fed0000 - 0x00007ff76feda000 	C:\Program Files\Android\Android Studio\jre\bin\java.exe
0x00007ff9b14d0000 - 0x00007ff9b16c5000 	C:\WINDOWS\SYSTEM32\ntdll.dll
0x00007ff9af640000 - 0x00007ff9af6fe000 	C:\WINDOWS\System32\KERNEL32.DLL
0x00007ff9af1b0000 - 0x00007ff9af479000 	C:\WINDOWS\System32\KERNELBASE.dll
0x00007ff9aee40000 - 0x00007ff9aef40000 	C:\WINDOWS\System32\ucrtbase.dll
0x00007ff98cc70000 - 0x00007ff98cc89000 	C:\Program Files\Android\Android Studio\jre\bin\jli.dll
0x00007ff98cb10000 - 0x00007ff98cb27000 	C:\Program Files\Android\Android Studio\jre\bin\VCRUNTIME140.dll
0x00007ff9b1140000 - 0x00007ff9b12e1000 	C:\WINDOWS\System32\USER32.dll
0x00007ff9aec50000 - 0x00007ff9aec72000 	C:\WINDOWS\System32\win32u.dll
0x00007ff9a2200000 - 0x00007ff9a249a000 	C:\WINDOWS\WinSxS\amd64_microsoft.windows.common-controls_6595b64144ccf1df_6.0.19041.1110_none_60b5254171f9507e\COMCTL32.dll
0x00007ff9af8e0000 - 0x00007ff9af90b000 	C:\WINDOWS\System32\GDI32.dll
0x00007ff9b0070000 - 0x00007ff9b010e000 	C:\WINDOWS\System32\msvcrt.dll
0x00007ff9aed30000 - 0x00007ff9aee3b000 	C:\WINDOWS\System32\gdi32full.dll
0x00007ff9af480000 - 0x00007ff9af51d000 	C:\WINDOWS\System32\msvcp_win.dll
0x00007ff9af700000 - 0x00007ff9af730000 	C:\WINDOWS\System32\IMM32.DLL
0x00007ff983180000 - 0x00007ff98321d000 	C:\Program Files\Android\Android Studio\jre\bin\msvcp140.dll
0x00007ff978230000 - 0x00007ff978cff000 	C:\Program Files\Android\Android Studio\jre\bin\server\jvm.dll
0x00007ff9af530000 - 0x00007ff9af5dc000 	C:\WINDOWS\System32\ADVAPI32.dll
0x00007ff9b0fa0000 - 0x00007ff9b103b000 	C:\WINDOWS\System32\sechost.dll
0x00007ff9b0110000 - 0x00007ff9b023a000 	C:\WINDOWS\System32\RPCRT4.dll
0x00007ff9af520000 - 0x00007ff9af528000 	C:\WINDOWS\System32\PSAPI.DLL
0x00007ff9aaa60000 - 0x00007ff9aaa69000 	C:\WINDOWS\SYSTEM32\WSOCK32.dll
0x00007ff9a6160000 - 0x00007ff9a6187000 	C:\WINDOWS\SYSTEM32\WINMM.dll
0x00007ff9afca0000 - 0x00007ff9afd0b000 	C:\WINDOWS\System32\WS2_32.dll
0x00007ff9a91d0000 - 0x00007ff9a91da000 	C:\WINDOWS\SYSTEM32\VERSION.dll
0x00007ff9aca30000 - 0x00007ff9aca42000 	C:\WINDOWS\SYSTEM32\kernel.appcore.dll
0x00007ff9aaa40000 - 0x00007ff9aaa51000 	C:\Program Files\Android\Android Studio\jre\bin\verify.dll
0x00007ff99be60000 - 0x00007ff99c044000 	C:\WINDOWS\SYSTEM32\DBGHELP.DLL
0x00007ff99aa10000 - 0x00007ff99aa3c000 	C:\WINDOWS\SYSTEM32\dbgcore.DLL
0x00007ff9aef70000 - 0x00007ff9aeff3000 	C:\WINDOWS\System32\bcryptPrimitives.dll
0x00007ff9aaa10000 - 0x00007ff9aaa39000 	C:\Program Files\Android\Android Studio\jre\bin\java.dll
0x00007ff9aa950000 - 0x00007ff9aa95b000 	C:\Program Files\Android\Android Studio\jre\bin\jimage.dll
0x00007ff9aa930000 - 0x00007ff9aa948000 	C:\Program Files\Android\Android Studio\jre\bin\zip.dll

dbghelp: loaded successfully - version: 4.0.5 - missing functions: none
symbol engine: initialized successfully - sym options: 0x614 - pdb path: .;C:\Program Files\Android\Android Studio\jre\bin;C:\WINDOWS\SYSTEM32;C:\WINDOWS\WinSxS\amd64_microsoft.windows.common-controls_6595b64144ccf1df_6.0.19041.1110_none_60b5254171f9507e;C:\Program Files\Android\Android Studio\jre\bin\server

VM Arguments:
java_command: org.jetbrains.git4idea.http.GitAskPassApp Username for 'https://github.com': 
java_class_path (initial): C:/Program Files/Android/Android Studio/plugins/git4idea/lib/git4idea-rt.jar;C:/Program Files/Android/Android Studio/lib/xmlrpc-2.0.1.jar;C:/Program Files/Android/Android Studio/lib/commons-codec-1.14.jar
Launcher Type: SUN_STANDARD

[Global flags]
     intx CICompilerCount                          = 3                                         {product} {ergonomic}
     uint ConcGCThreads                            = 1                                         {product} {ergonomic}
     uint G1ConcRefinementThreads                  = 4                                         {product} {ergonomic}
   size_t G1HeapRegionSize                         = 1048576                                   {product} {ergonomic}
    uintx GCDrainStackTargetSize                   = 64                                        {product} {ergonomic}
   size_t InitialHeapSize                          = 268435456                                 {product} {ergonomic}
   size_t MarkStackSize                            = 4194304                                   {product} {ergonomic}
   size_t MaxHeapSize                              = 4286578688                                {product} {ergonomic}
   size_t MinHeapDeltaBytes                        = 1048576                                   {product} {ergonomic}
    uintx NonNMethodCodeHeapSize                   = 5830732                                {pd product} {ergonomic}
    uintx NonProfiledCodeHeapSize                  = 122913754                              {pd product} {ergonomic}
    uintx ProfiledCodeHeapSize                     = 122913754                              {pd product} {ergonomic}
    uintx ReservedCodeCacheSize                    = 251658240                              {pd product} {ergonomic}
     bool SegmentedCodeCache                       = true                                      {product} {ergonomic}
     bool UseCompressedClassPointers               = true                                 {lp64_product} {ergonomic}
     bool UseCompressedOops                        = true                                 {lp64_product} {ergonomic}
     bool UseG1GC                                  = true                                      {product} {ergonomic}
     bool UseLargePagesIndividualAllocation        = false                                  {pd product} {ergonomic}

Logging:
Log output configuration:
 #0: stdout all=warning uptime,level,tags
 #1: stderr all=off uptime,level,tags

Environment Variables:
JAVA_HOME=C:\Program Files\Java\jdk-15.0.2
PATH=C:/Program Files/Git/mingw64/libexec/git-core;C:/Program Files/Git/mingw64/libexec/git-core;C:\Program Files\Git\mingw64\bin;C:\Program Files\Git\usr\bin;C:\Users\LSJ\bin;C:\Program Files\Common Files\Oracle\Java\javapath;"C:\Program Files\Common Files\Oracle\Java\javapath;C:\Program Files\Java\jdk-15.0.2\bin;";C:\ProgramData\Oracle\Java\javapath;C:\WINDOWS\system32;C:\WINDOWS;C:\WINDOWS\System32\Wbem;C:\WINDOWS\System32\WindowsPowerShell\v1.0\;C:\WINDOWS\System32\OpenSSH\;C:\Program Files (x86)\NVIDIA Corporation\PhysX\Common;C:\Program Files\NVIDIA Corporation\NVIDIA NvDLISR;C:\Program Files\Java\jdk-15.0.2\bin;C:\WINDOWS\system32;C:\WINDOWS;C:\WINDOWS\System32\Wbem;C:\WINDOWS\System32\WindowsPowerShell\v1.0\;C:\WINDOWS\System32\OpenSSH\;C:\Program Files\Git\cmd;C:\Users\LSJ\AppData\Local\Programs\Python\Python310\Scripts\;C:\Users\LSJ\AppData\Local\Programs\Python\Python310\;C:\Users\LSJ\AppData\Local\Microsoft\WindowsApps;C:\Program Files\Bandizip\;C:\Program Files\Java\jdk-15.0.2\bin;C:\Users\LSJ\AppData\Local\Programs\Microsoft VS Code\bin
USERNAME=LSJ
DISPLAY=:0.0
LC_ALL=en_US.UTF-8
OS=Windows_NT
PROCESSOR_IDENTIFIER=Intel64 Family 6 Model 158 Stepping 9, GenuineIntel



---------------  S Y S T E M  ---------------

OS: Windows 10 , 64 bit Build 19041 (10.0.19041.1202)
OS uptime: 0 days 10:06 hours

CPU:total 4 (initial active 4) (4 cores per cpu, 1 threads per core) family 6 model 158 stepping 9 microcode 0xb4, cmov, cx8, fxsr, mmx, sse, sse2, sse3, ssse3, sse4.1, sse4.2, popcnt, avx, avx2, aes, clmul, erms, rtm, 3dnowpref, lzcnt, tsc, tscinvbit, bmi1, bmi2, adx, fma

Memory: 4k page, system-wide physical 16347M (2959M free)
TotalPageFile size 16347M (AvailPageFile size 220M)
current process WorkingSet (physical memory assigned to process): 10M, peak: 10M
current process commit charge ("private bytes"): 52M, peak: 307M

vm_info: OpenJDK 64-Bit Server VM (11.0.10+0-b96-7249189) for windows-amd64 JRE (11.0.10+0-b96-7249189), built on Mar 31 2021 21:44:00 by "builder" with MS VC++ 14.0 (VS2015)

END.
